c:\users\мвидео\documents\visual studio 2012\projects\1 laba - m\1 laba - m\debug\conteiners.obj
c:\users\мвидео\documents\visual studio 2012\projects\1 laba - m\1 laba - m\debug\main.obj
c:\users\мвидео\documents\visual studio 2012\projects\1 laba - m\1 laba - m\debug\rectangles.obj
c:\users\мвидео\documents\visual studio 2012\projects\1 laba - m\1 laba - m\debug\shapes.obj
c:\users\мвидео\documents\visual studio 2012\projects\1 laba - m\1 laba - m\debug\triangles.obj
c:\users\мвидео\documents\visual studio 2012\projects\1 laba - m\1 laba - m\debug\vc110.pdb
c:\users\мвидео\documents\visual studio 2012\projects\1 laba - m\debug\1 laba - m.ilk
c:\users\мвидео\documents\visual studio 2012\projects\1 laba - m\debug\1 laba - m.exe
c:\users\мвидео\documents\visual studio 2012\projects\1 laba - m\debug\1 laba - m.pdb
c:\users\sultan.off\desktop\projects2012\1 laba - m\1 laba - m\debug\conteiners.obj
c:\users\sultan.off\desktop\projects2012\1 laba - m\1 laba - m\debug\main.obj
c:\users\sultan.off\desktop\projects2012\1 laba - m\1 laba - m\debug\rectangles.obj
c:\users\sultan.off\desktop\projects2012\1 laba - m\1 laba - m\debug\shapes.obj
c:\users\sultan.off\desktop\projects2012\1 laba - m\1 laba - m\debug\triangles.obj
c:\users\sultan.off\desktop\projects2012\1 laba - m\1 laba - m\debug\cl.command.1.tlog
c:\users\sultan.off\desktop\projects2012\1 laba - m\1 laba - m\debug\cl.read.1.tlog
c:\users\sultan.off\desktop\projects2012\1 laba - m\1 laba - m\debug\cl.write.1.tlog
c:\users\sultan.off\desktop\projects2012\1 laba - m\1 laba - m\debug\link-cvtres.read.1.tlog
c:\users\sultan.off\desktop\projects2012\1 laba - m\1 laba - m\debug\link-cvtres.write.1.tlog
c:\users\sultan.off\desktop\projects2012\1 laba - m\1 laba - m\debug\link-rc.read.1.tlog
c:\users\sultan.off\desktop\projects2012\1 laba - m\1 laba - m\debug\link-rc.write.1.tlog
c:\users\sultan.off\desktop\projects2012\1 laba - m\1 laba - m\debug\link.command.1.tlog
c:\users\sultan.off\desktop\projects2012\1 laba - m\1 laba - m\debug\link.read.1.tlog
c:\users\sultan.off\desktop\projects2012\1 laba - m\1 laba - m\debug\link.write.1.tlog
c:\users\sultan.off\desktop\projects2012\1 laba - m\1 laba - m\debug\vc110.idb
c:\users\sultan.off\desktop\projects2012\1 laba - m\1 laba - m\debug\vc110.pdb
c:\users\sultan.off\desktop\projects2012\1 laba - m\debug\1 laba - m.pdb
c:\users\sultan.off\desktop\projects2012\1 laba - m\debug\1 laba - m.exe
c:\users\sultan.off\desktop\projects2012\1 laba - m\debug\1 laba - m.ilk
